[debug] [2022-08-17T02:18:07.399Z] ----------------------------------------------------------------------
[debug] [2022-08-17T02:18:07.402Z] Command:       C:\Program Files\nodejs\node.exe C:\Users\leo_2\AppData\Roaming\npm\node_modules\firebase-tools\lib\bin\firebase.js init
[debug] [2022-08-17T02:18:07.402Z] CLI Version:   11.7.0
[debug] [2022-08-17T02:18:07.403Z] Platform:      win32
[debug] [2022-08-17T02:18:07.403Z] Node Version:  v17.8.0
[debug] [2022-08-17T02:18:07.404Z] Time:          Tue Aug 16 2022 23:18:07 GMT-0300 (hora estándar de Argentina)
[debug] [2022-08-17T02:18:07.404Z] ----------------------------------------------------------------------
[debug] 
[debug] [2022-08-17T02:18:07.508Z] > command requires scopes: ["email","openid","https://www.googleapis.com/auth/cloudplatformprojects.readonly","https://www.googleapis.com/auth/firebase","https://www.googleapis.com/auth/cloud-platform"]
[debug] [2022-08-17T02:18:07.509Z] > authorizing via signed-in user (leoduville@gmail.com)
[info] 
     ######## #### ########  ######## ########     ###     ######  ########
     ##        ##  ##     ## ##       ##     ##  ##   ##  ##       ##
     ######    ##  ########  ######   ########  #########  ######  ######
     ##        ##  ##    ##  ##       ##     ## ##     ##       ## ##
     ##       #### ##     ## ######## ########  ##     ##  ######  ########

You're about to initialize a Firebase project in this directory:

  C:\Users\leo_2\OneDrive\Escritorio\FrontEnd Mateo

Before we get started, keep in mind:

  * You are initializing within an existing Firebase project directory

[info] 
=== Project Setup
[info] 
[info] First, let's associate this project directory with a Firebase project.
[info] You can create multiple project aliases by running firebase use --add, 
[info] but for now we'll just set up a default project.
[info] 
[debug] [2022-08-17T02:19:17.096Z] Using project from CLI flag: portfolio-53d21
[debug] [2022-08-17T02:19:17.100Z] >>> [apiv2][query] GET https://firebase.googleapis.com/v1beta1/projects/portfolio-53d21 [none]
[debug] [2022-08-17T02:19:18.247Z] <<< [apiv2][status] GET https://firebase.googleapis.com/v1beta1/projects/portfolio-53d21 403
[debug] [2022-08-17T02:19:18.247Z] <<< [apiv2][body] GET https://firebase.googleapis.com/v1beta1/projects/portfolio-53d21 {"error":{"code":403,"message":"The caller does not have permission","status":"PERMISSION_DENIED"}}
[debug] [2022-08-17T02:19:18.248Z] HTTP Error: 403, The caller does not have permission
[debug] [2022-08-17T02:19:18.381Z] FirebaseError: HTTP Error: 403, The caller does not have permission
    at responseToError (C:\Users\leo_2\AppData\Roaming\npm\node_modules\firebase-tools\lib\responseToError.js:49:12)
    at RetryOperation._fn (C:\Users\leo_2\AppData\Roaming\npm\node_modules\firebase-tools\lib\apiv2.js:288:77)
    at processTicksAndRejections (node:internal/process/task_queues:96:5)
[error] 
[error] Error: Failed to get Firebase project portfolio-53d21. Please make sure the project exists and your account has permission to access it.
[debug] [2022-08-17T02:20:52.066Z] ----------------------------------------------------------------------
[debug] [2022-08-17T02:20:52.069Z] Command:       C:\Program Files\nodejs\node.exe C:\Users\leo_2\AppData\Roaming\npm\node_modules\firebase-tools\lib\bin\firebase.js init
[debug] [2022-08-17T02:20:52.070Z] CLI Version:   11.7.0
[debug] [2022-08-17T02:20:52.070Z] Platform:      win32
[debug] [2022-08-17T02:20:52.070Z] Node Version:  v17.8.0
[debug] [2022-08-17T02:20:52.071Z] Time:          Tue Aug 16 2022 23:20:52 GMT-0300 (hora estándar de Argentina)
[debug] [2022-08-17T02:20:52.072Z] ----------------------------------------------------------------------
[debug] 
[debug] [2022-08-17T02:20:52.175Z] > command requires scopes: ["email","openid","https://www.googleapis.com/auth/cloudplatformprojects.readonly","https://www.googleapis.com/auth/firebase","https://www.googleapis.com/auth/cloud-platform"]
[debug] [2022-08-17T02:20:52.176Z] > authorizing via signed-in user (leoduville@gmail.com)
[info] 
     ######## #### ########  ######## ########     ###     ######  ########
     ##        ##  ##     ## ##       ##     ##  ##   ##  ##       ##
     ######    ##  ########  ######   ########  #########  ######  ######
     ##        ##  ##    ##  ##       ##     ## ##     ##       ## ##
     ##       #### ##     ## ######## ########  ##     ##  ######  ########

You're about to initialize a Firebase project in this directory:

  C:\Users\leo_2\OneDrive\Escritorio\FrontEnd Mateo

Before we get started, keep in mind:

  * You are initializing within an existing Firebase project directory

[info] 
=== Project Setup
[info] 
[info] First, let's associate this project directory with a Firebase project.
[info] You can create multiple project aliases by running firebase use --add, 
[info] but for now we'll just set up a default project.
[info] 
[debug] [2022-08-17T02:21:00.167Z] Using project from CLI flag: portfolio-53d21
[debug] [2022-08-17T02:21:00.170Z] >>> [apiv2][query] GET https://firebase.googleapis.com/v1beta1/projects/portfolio-53d21 [none]
[debug] [2022-08-17T02:21:01.352Z] <<< [apiv2][status] GET https://firebase.googleapis.com/v1beta1/projects/portfolio-53d21 403
[debug] [2022-08-17T02:21:01.353Z] <<< [apiv2][body] GET https://firebase.googleapis.com/v1beta1/projects/portfolio-53d21 {"error":{"code":403,"message":"The caller does not have permission","status":"PERMISSION_DENIED"}}
[debug] [2022-08-17T02:21:01.353Z] HTTP Error: 403, The caller does not have permission
[debug] [2022-08-17T02:21:01.474Z] FirebaseError: HTTP Error: 403, The caller does not have permission
    at responseToError (C:\Users\leo_2\AppData\Roaming\npm\node_modules\firebase-tools\lib\responseToError.js:49:12)
    at RetryOperation._fn (C:\Users\leo_2\AppData\Roaming\npm\node_modules\firebase-tools\lib\apiv2.js:288:77)
    at processTicksAndRejections (node:internal/process/task_queues:96:5)
[error] 
[error] Error: Failed to get Firebase project portfolio-53d21. Please make sure the project exists and your account has permission to access it.
[debug] [2022-08-17T02:22:51.941Z] ----------------------------------------------------------------------
[debug] [2022-08-17T02:22:51.944Z] Command:       C:\Program Files\nodejs\node.exe C:\Users\leo_2\AppData\Roaming\npm\node_modules\firebase-tools\lib\bin\firebase.js init
[debug] [2022-08-17T02:22:51.944Z] CLI Version:   11.7.0
[debug] [2022-08-17T02:22:51.945Z] Platform:      win32
[debug] [2022-08-17T02:22:51.945Z] Node Version:  v17.8.0
[debug] [2022-08-17T02:22:51.946Z] Time:          Tue Aug 16 2022 23:22:51 GMT-0300 (hora estándar de Argentina)
[debug] [2022-08-17T02:22:51.947Z] ----------------------------------------------------------------------
[debug] 
[debug] [2022-08-17T02:22:52.030Z] > command requires scopes: ["email","openid","https://www.googleapis.com/auth/cloudplatformprojects.readonly","https://www.googleapis.com/auth/firebase","https://www.googleapis.com/auth/cloud-platform"]
[debug] [2022-08-17T02:22:52.031Z] > authorizing via signed-in user (leoduville@gmail.com)
[info] 
     ######## #### ########  ######## ########     ###     ######  ########
     ##        ##  ##     ## ##       ##     ##  ##   ##  ##       ##
     ######    ##  ########  ######   ########  #########  ######  ######
     ##        ##  ##    ##  ##       ##     ## ##     ##       ## ##
     ##       #### ##     ## ######## ########  ##     ##  ######  ########

You're about to initialize a Firebase project in this directory:

  C:\Users\leo_2\OneDrive\Escritorio\FrontEnd Mateo

Before we get started, keep in mind:

  * You are initializing within an existing Firebase project directory

[info] 
=== Project Setup
[info] 
[info] First, let's associate this project directory with a Firebase project.
[info] You can create multiple project aliases by running firebase use --add, 
[info] but for now we'll just set up a default project.
[info] 
[debug] [2022-08-17T02:23:00.284Z] Using project from CLI flag: portfolio-53d21
[debug] [2022-08-17T02:23:00.291Z] >>> [apiv2][query] GET https://firebase.googleapis.com/v1beta1/projects/portfolio-53d21 [none]
[debug] [2022-08-17T02:23:01.442Z] <<< [apiv2][status] GET https://firebase.googleapis.com/v1beta1/projects/portfolio-53d21 403
[debug] [2022-08-17T02:23:01.442Z] <<< [apiv2][body] GET https://firebase.googleapis.com/v1beta1/projects/portfolio-53d21 {"error":{"code":403,"message":"The caller does not have permission","status":"PERMISSION_DENIED"}}
[debug] [2022-08-17T02:23:01.443Z] HTTP Error: 403, The caller does not have permission
[debug] [2022-08-17T02:23:01.567Z] FirebaseError: HTTP Error: 403, The caller does not have permission
    at responseToError (C:\Users\leo_2\AppData\Roaming\npm\node_modules\firebase-tools\lib\responseToError.js:49:12)
    at RetryOperation._fn (C:\Users\leo_2\AppData\Roaming\npm\node_modules\firebase-tools\lib\apiv2.js:288:77)
    at processTicksAndRejections (node:internal/process/task_queues:96:5)
[error] 
[error] Error: Failed to get Firebase project portfolio-53d21. Please make sure the project exists and your account has permission to access it.
[debug] [2022-08-17T02:25:19.559Z] ----------------------------------------------------------------------
[debug] [2022-08-17T02:25:19.562Z] Command:       C:\Program Files\nodejs\node.exe C:\Users\leo_2\AppData\Roaming\npm\node_modules\firebase-tools\lib\bin\firebase.js init
[debug] [2022-08-17T02:25:19.562Z] CLI Version:   11.7.0
[debug] [2022-08-17T02:25:19.563Z] Platform:      win32
[debug] [2022-08-17T02:25:19.563Z] Node Version:  v17.8.0
[debug] [2022-08-17T02:25:19.564Z] Time:          Tue Aug 16 2022 23:25:19 GMT-0300 (hora estándar de Argentina)
[debug] [2022-08-17T02:25:19.564Z] ----------------------------------------------------------------------
[debug] 
[debug] [2022-08-17T02:25:19.649Z] > command requires scopes: ["email","openid","https://www.googleapis.com/auth/cloudplatformprojects.readonly","https://www.googleapis.com/auth/firebase","https://www.googleapis.com/auth/cloud-platform"]
[debug] [2022-08-17T02:25:19.649Z] > authorizing via signed-in user (leoduville@gmail.com)
[info] 
     ######## #### ########  ######## ########     ###     ######  ########
     ##        ##  ##     ## ##       ##     ##  ##   ##  ##       ##
     ######    ##  ########  ######   ########  #########  ######  ######
     ##        ##  ##    ##  ##       ##     ## ##     ##       ## ##
     ##       #### ##     ## ######## ########  ##     ##  ######  ########

You're about to initialize a Firebase project in this directory:

  C:\Users\leo_2\OneDrive\Escritorio\FrontEnd Mateo

Before we get started, keep in mind:

  * You are initializing within an existing Firebase project directory

[info] 
=== Project Setup
[info] 
[info] First, let's associate this project directory with a Firebase project.
[info] You can create multiple project aliases by running firebase use --add, 
[info] but for now we'll just set up a default project.
[info] 
[debug] [2022-08-17T02:25:24.868Z] Using project from CLI flag: portfolio-7217a
[debug] [2022-08-17T02:25:24.871Z] >>> [apiv2][query] GET https://firebase.googleapis.com/v1beta1/projects/portfolio-7217a [none]
[debug] [2022-08-17T02:25:25.995Z] <<< [apiv2][status] GET https://firebase.googleapis.com/v1beta1/projects/portfolio-7217a 200
[debug] [2022-08-17T02:25:25.996Z] <<< [apiv2][body] GET https://firebase.googleapis.com/v1beta1/projects/portfolio-7217a {"projectId":"portfolio-7217a","projectNumber":"236554555310","displayName":"Portfolio","name":"projects/portfolio-7217a","resources":{"hostingSite":"portfolio-7217a"},"state":"ACTIVE","etag":"1_d4b92120-8ec8-43c6-9f29-7d415f2f6cbe"}
[info] i  Using project portfolio-7217a (Portfolio) 
[info] 
=== Hosting Setup
[info] 
[info] Your public directory is the folder (relative to your project directory) that
[info] will contain Hosting assets to be uploaded with firebase deploy. If you
[info] have a build process for your assets, use your build's output directory.
[info] 
[debug] [2022-08-17T02:26:03.643Z] ----------------------------------------------------------------------
[debug] [2022-08-17T02:26:03.646Z] Command:       C:\Program Files\nodejs\node.exe C:\Users\leo_2\AppData\Roaming\npm\node_modules\firebase-tools\lib\bin\firebase.js init
[debug] [2022-08-17T02:26:03.646Z] CLI Version:   11.7.0
[debug] [2022-08-17T02:26:03.646Z] Platform:      win32
[debug] [2022-08-17T02:26:03.647Z] Node Version:  v17.8.0
[debug] [2022-08-17T02:26:03.648Z] Time:          Tue Aug 16 2022 23:26:03 GMT-0300 (hora estándar de Argentina)
[debug] [2022-08-17T02:26:03.648Z] ----------------------------------------------------------------------
[debug] 
[debug] [2022-08-17T02:26:03.758Z] > command requires scopes: ["email","openid","https://www.googleapis.com/auth/cloudplatformprojects.readonly","https://www.googleapis.com/auth/firebase","https://www.googleapis.com/auth/cloud-platform"]
[debug] [2022-08-17T02:26:03.758Z] > authorizing via signed-in user (leoduville@gmail.com)
[info] 
     ######## #### ########  ######## ########     ###     ######  ########
     ##        ##  ##     ## ##       ##     ##  ##   ##  ##       ##
     ######    ##  ########  ######   ########  #########  ######  ######
     ##        ##  ##    ##  ##       ##     ## ##     ##       ## ##
     ##       #### ##     ## ######## ########  ##     ##  ######  ########

You're about to initialize a Firebase project in this directory:

  C:\Users\leo_2\OneDrive\Escritorio\FrontEnd Mateo

Before we get started, keep in mind:

  * You are initializing within an existing Firebase project directory

[info] 
=== Project Setup
[info] 
[info] First, let's associate this project directory with a Firebase project.
[info] You can create multiple project aliases by running firebase use --add, 
[info] but for now we'll just set up a default project.
[info] 
[debug] [2022-08-17T02:26:08.623Z] Using project from CLI flag: portfolio-7217a
[debug] [2022-08-17T02:26:08.629Z] >>> [apiv2][query] GET https://firebase.googleapis.com/v1beta1/projects/portfolio-7217a [none]
[debug] [2022-08-17T02:26:09.734Z] <<< [apiv2][status] GET https://firebase.googleapis.com/v1beta1/projects/portfolio-7217a 200
[debug] [2022-08-17T02:26:09.735Z] <<< [apiv2][body] GET https://firebase.googleapis.com/v1beta1/projects/portfolio-7217a {"projectId":"portfolio-7217a","projectNumber":"236554555310","displayName":"Portfolio","name":"projects/portfolio-7217a","resources":{"hostingSite":"portfolio-7217a"},"state":"ACTIVE","etag":"1_d4b92120-8ec8-43c6-9f29-7d415f2f6cbe"}
[info] i  Using project portfolio-7217a (Portfolio) 
[info] 
=== Hosting:github Setup
[info] 
[info] i  Didn't detect a .git folder. Assuming C:\Users\leo_2\OneDrive\Escritorio\FrontEnd Mateo is the project root. 
[info] i  Authorizing with GitHub to upload your service account to a GitHub repository's secrets store. 
[info] 
[info] Visit this URL on this device to log in:
[info] https://github.com/login/oauth/authorize?client_id=89cf50f02ac6aaed3484&state=949324874&redirect_uri=http%3A%2F%2Flocalhost%3A9005&scope=read%3Auser%20repo%20public_repo
[info] 
[info] Waiting for authentication...
[debug] [2022-08-17T02:26:16.400Z] >>> [apiv2][query] POST https://github.com/login/oauth/access_token [none]
[debug] [2022-08-17T02:26:16.400Z] >>> [apiv2][body] POST https://github.com/login/oauth/access_token [stream]
[debug] [2022-08-17T02:26:16.805Z] <<< [apiv2][status] POST https://github.com/login/oauth/access_token 200
[debug] [2022-08-17T02:26:16.805Z] <<< [apiv2][body] POST https://github.com/login/oauth/access_token {"access_token":"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","token_type":"bearer","scope":"read:user,repo"}
[debug] [2022-08-17T02:26:16.812Z] >>> [apiv2][query] GET https://api.github.com/user [none]
[debug] [2022-08-17T02:26:17.188Z] <<< [apiv2][status] GET https://api.github.com/user 200
[debug] [2022-08-17T02:26:17.188Z] <<< [apiv2][body] GET https://api.github.com/user {"login":"leoduville","id":71992403,"node_id":"MDQ6VXNlcjcxOTkyNDAz","avatar_url":"https://avatars.githubusercontent.com/u/71992403?v=4","gravatar_id":"","url":"https://api.github.com/users/leoduville","html_url":"https://github.com/leoduville","followers_url":"https://api.github.com/users/leoduville/followers","following_url":"https://api.github.com/users/leoduville/following{/other_user}","gists_url":"https://api.github.com/users/leoduville/gists{/gist_id}","starred_url":"https://api.github.com/users/leoduville/starred{/owner}{/repo}","subscriptions_url":"https://api.github.com/users/leoduville/subscriptions","organizations_url":"https://api.github.com/users/leoduville/orgs","repos_url":"https://api.github.com/users/leoduville/repos","events_url":"https://api.github.com/users/leoduville/events{/privacy}","received_events_url":"https://api.github.com/users/leoduville/received_events","type":"User","site_admin":false,"name":null,"company":null,"blog":"","location":null,"email":null,"hireable":null,"bio":null,"twitter_username":null,"public_repos":3,"public_gists":0,"followers":1,"following":1,"created_at":"2020-09-27T23:35:07Z","updated_at":"2022-08-08T13:49:15Z","private_gists":0,"total_private_repos":0,"owned_private_repos":0,"disk_usage":2119,"collaborators":0,"two_factor_authentication":false,"plan":{"name":"free","space":976562499,"collaborators":0,"private_repos":10000}}
[info] 
[info] +  Success! Logged into GitHub as leoduville 
[info] 
